<?xml version="1.0" encoding="UTF-8"?>
<!-- Generated by org.testng.reporters.JUnitXMLReporter -->
<testsuite ignored="7" hostname="KIRAN-SARASWAT" failures="1" tests="1" name="Test" time="10.155" errors="0" timestamp="2025-06-03T21:57:54 IST">
  <testcase classname="clientreview.ForgotPassword" name="validDetails" time="2.688">
    <failure type="org.openqa.selenium.ElementNotInteractableException" message="element not interactable
  (Session info: chrome=137.0.7151.56)
Build info: version: &amp;apos;4.32.0&amp;apos;, revision: &amp;apos;d17c8aa950&amp;apos;
System info: os.name: &amp;apos;Windows 10&amp;apos;, os.arch: &amp;apos;amd64&amp;apos;, os.version: &amp;apos;10.0&amp;apos;, java.version: &amp;apos;21.0.6&amp;apos;
Driver info: org.openqa.selenium.chrome.ChromeDriver
Command: [cc013d8e4eaf9a941a05e7ff19f6c173, sendKeysToElement {value=[Ljava.lang.CharSequence;@77192705, id=f.751F15CE3C887AD8B892639356C4253A.d.C543CBA170EC8A78B0255DFB8F1D1489.e.52}]
Capabilities {acceptInsecureCerts: false, browserName: chrome, browserVersion: 137.0.7151.56, chrome: {chromedriverVersion: 137.0.7151.68 (2989ffee9373..., userDataDir: C:\Users\FINCART\AppData\Lo...}, fedcm:accounts: true, goog:chromeOptions: {debuggerAddress: localhost:52540}, networkConnectionEnabled: false, pageLoadStrategy: normal, platformName: windows, proxy: Proxy(), se:cdp: ws://localhost:52540/devtoo..., se:cdpVersion: 137.0.7151.56, setWindowRect: true, strictFileInteractability: false, timeouts: {implicit: 0, pageLoad: 300000, script: 30000}, unhandledPromptBehavior: dismiss and notify, webauthn:extension:credBlob: true, webauthn:extension:largeBlob: true, webauthn:extension:minPinLength: true, webauthn:extension:prf: true, webauthn:virtualAuthenticators: true}
Element: [[ChromeDriver: chrome on windows (cc013d8e4eaf9a941a05e7ff19f6c173)] -&amp;gt; xpath: //form[@id=&amp;apos;passwordValidatetion&amp;apos;]//div[2]]
Session ID: cc013d8e4eaf9a941a05e7ff19f6c173">
      <![CDATA[org.openqa.selenium.ElementNotInteractableException: element not interactable
  (Session info: chrome=137.0.7151.56)
Build info: version: '4.32.0', revision: 'd17c8aa950'
System info: os.name: 'Windows 10', os.arch: 'amd64', os.version: '10.0', java.version: '21.0.6'
Driver info: org.openqa.selenium.chrome.ChromeDriver
Command: [cc013d8e4eaf9a941a05e7ff19f6c173, sendKeysToElement {value=[Ljava.lang.CharSequence;@77192705, id=f.751F15CE3C887AD8B892639356C4253A.d.C543CBA170EC8A78B0255DFB8F1D1489.e.52}]
Capabilities {acceptInsecureCerts: false, browserName: chrome, browserVersion: 137.0.7151.56, chrome: {chromedriverVersion: 137.0.7151.68 (2989ffee9373..., userDataDir: C:\Users\FINCART\AppData\Lo...}, fedcm:accounts: true, goog:chromeOptions: {debuggerAddress: localhost:52540}, networkConnectionEnabled: false, pageLoadStrategy: normal, platformName: windows, proxy: Proxy(), se:cdp: ws://localhost:52540/devtoo..., se:cdpVersion: 137.0.7151.56, setWindowRect: true, strictFileInteractability: false, timeouts: {implicit: 0, pageLoad: 300000, script: 30000}, unhandledPromptBehavior: dismiss and notify, webauthn:extension:credBlob: true, webauthn:extension:largeBlob: true, webauthn:extension:minPinLength: true, webauthn:extension:prf: true, webauthn:virtualAuthenticators: true}
Element: [[ChromeDriver: chrome on windows (cc013d8e4eaf9a941a05e7ff19f6c173)] -> xpath: //form[@id='passwordValidatetion']//div[2]]
Session ID: cc013d8e4eaf9a941a05e7ff19f6c173
at org.openqa.selenium.remote.ErrorCodec.decode(ErrorCodec.java:167)
at org.openqa.selenium.remote.codec.w3c.W3CHttpResponseCodec.decode(W3CHttpResponseCodec.java:138)
at org.openqa.selenium.remote.codec.w3c.W3CHttpResponseCodec.decode(W3CHttpResponseCodec.java:50)
at org.openqa.selenium.remote.HttpCommandExecutor.execute(HttpCommandExecutor.java:215)
at org.openqa.selenium.remote.service.DriverCommandExecutor.invokeExecute(DriverCommandExecutor.java:216)
at org.openqa.selenium.remote.service.DriverCommandExecutor.execute(DriverCommandExecutor.java:174)
at org.openqa.selenium.remote.RemoteWebDriver.execute(RemoteWebDriver.java:545)
at org.openqa.selenium.remote.RemoteWebElement.execute(RemoteWebElement.java:223)
at org.openqa.selenium.remote.RemoteWebElement.sendKeys(RemoteWebElement.java:110)
at org.openqa.selenium.support.pagefactory.internal.LocatingElementHandler.invoke(LocatingElementHandler.java:51)
at jdk.proxy2/jdk.proxy2.$Proxy12.sendKeys(Unknown Source)
at com.clientreview.pages.ForgotPasswordPages.enterNewPasswordText(ForgotPasswordPages.java:106)
at clientreview.ForgotPassword.validDetails(ForgotPassword.java:142)
at java.base/java.util.ArrayList.forEach(ArrayList.java:1596)
... Removed 30 stack frames]]>
    </failure>
  </testcase> <!-- validDetails -->
  <testcase classname="clientreview.ForgotPassword" name="samePasswordValidation" time="0.0">
    <ignored/>
  </testcase> <!-- samePasswordValidation -->
  <testcase classname="clientreview.ForgotPassword" name="NavigateBackToLogin" time="0.0">
    <ignored/>
  </testcase> <!-- NavigateBackToLogin -->
  <testcase classname="clientreview.ForgotPassword" name="ForgotPasswordWithBlankDetails" time="0.0">
    <ignored/>
  </testcase> <!-- ForgotPasswordWithBlankDetails -->
  <testcase classname="clientreview.ForgotPassword" name="passwordValidationWithLength" time="0.0">
    <ignored/>
  </testcase> <!-- passwordValidationWithLength -->
  <testcase classname="clientreview.ForgotPassword" name="ForgotPasswordWithoutEmail" time="0.0">
    <ignored/>
  </testcase> <!-- ForgotPasswordWithoutEmail -->
  <testcase classname="clientreview.ForgotPassword" name="ForgotPasswordForUnregisteredEmail" time="0.0">
    <ignored/>
  </testcase> <!-- ForgotPasswordForUnregisteredEmail -->
  <testcase classname="clientreview.ForgotPassword" name="invalidOtp" time="0.0">
    <ignored/>
  </testcase> <!-- invalidOtp -->
</testsuite> <!-- Test -->
